[debug] [2024-03-17T17:44:18.615Z] ----------------------------------------------------------------------
[debug] [2024-03-17T17:44:18.617Z] Command:       C:\Program Files\nodejs\node.exe C:\Users\sprak\AppData\Roaming\npm\node_modules\firebase-tools\lib\bin\firebase.js deploy
[debug] [2024-03-17T17:44:18.618Z] CLI Version:   13.5.0
[debug] [2024-03-17T17:44:18.618Z] Platform:      win32
[debug] [2024-03-17T17:44:18.618Z] Node Version:  v20.11.1
[debug] [2024-03-17T17:44:18.618Z] Time:          Sun Mar 17 2024 14:44:18 GMT-0300 (Horário Padrão de Brasília)
[debug] [2024-03-17T17:44:18.618Z] ----------------------------------------------------------------------
[debug] 
[debug] [2024-03-17T17:44:18.712Z] > command requires scopes: ["email","openid","https://www.googleapis.com/auth/cloudplatformprojects.readonly","https://www.googleapis.com/auth/firebase","https://www.googleapis.com/auth/cloud-platform"]
[debug] [2024-03-17T17:44:18.712Z] > authorizing via signed-in user (contatoeslly@gmail.com)
[debug] [2024-03-17T17:44:18.712Z] [iam] checking project imobiliaria-quero-moradi-e5386 for permissions ["firebase.projects.get","firebasehosting.sites.update"]
[debug] [2024-03-17T17:44:18.714Z] > refreshing access token with scopes: []
[debug] [2024-03-17T17:44:18.716Z] >>> [apiv2][query] POST https://www.googleapis.com/oauth2/v3/token [none]
[debug] [2024-03-17T17:44:18.716Z] >>> [apiv2][body] POST https://www.googleapis.com/oauth2/v3/token [omitted]
[debug] [2024-03-17T17:44:23.843Z] <<< [apiv2][status] POST https://www.googleapis.com/oauth2/v3/token 200
[debug] [2024-03-17T17:44:23.843Z] <<< [apiv2][body] POST https://www.googleapis.com/oauth2/v3/token [omitted]
[debug] [2024-03-17T17:44:23.986Z] >>> [apiv2][query] POST https://cloudresourcemanager.googleapis.com/v1/projects/imobiliaria-quero-moradi-e5386:testIamPermissions [none]
[debug] [2024-03-17T17:44:23.986Z] >>> [apiv2][(partial)header] POST https://cloudresourcemanager.googleapis.com/v1/projects/imobiliaria-quero-moradi-e5386:testIamPermissions x-goog-quota-user=projects/imobiliaria-quero-moradi-e5386
[debug] [2024-03-17T17:44:23.986Z] >>> [apiv2][body] POST https://cloudresourcemanager.googleapis.com/v1/projects/imobiliaria-quero-moradi-e5386:testIamPermissions {"permissions":["firebase.projects.get","firebasehosting.sites.update"]}
[debug] [2024-03-17T17:44:33.597Z] <<< [apiv2][status] POST https://cloudresourcemanager.googleapis.com/v1/projects/imobiliaria-quero-moradi-e5386:testIamPermissions 200
[debug] [2024-03-17T17:44:33.597Z] <<< [apiv2][body] POST https://cloudresourcemanager.googleapis.com/v1/projects/imobiliaria-quero-moradi-e5386:testIamPermissions {"permissions":["firebase.projects.get","firebasehosting.sites.update"]}
[debug] [2024-03-17T17:44:33.598Z] >>> [apiv2][query] GET https://firebase.googleapis.com/v1beta1/projects/imobiliaria-quero-moradi-e5386 [none]
[debug] [2024-03-17T17:44:35.241Z] <<< [apiv2][status] GET https://firebase.googleapis.com/v1beta1/projects/imobiliaria-quero-moradi-e5386 200
[debug] [2024-03-17T17:44:35.242Z] <<< [apiv2][body] GET https://firebase.googleapis.com/v1beta1/projects/imobiliaria-quero-moradi-e5386 {"projectId":"imobiliaria-quero-moradi-e5386","projectNumber":"881299861180","displayName":"Imobiliaria Quero Moradia","name":"projects/imobiliaria-quero-moradi-e5386","resources":{"hostingSite":"imobiliaria-quero-moradi-e5386"},"state":"ACTIVE","etag":"1_bf4e7192-be08-4244-bb85-5782fc22cc22"}
[info] 
[info] === Deploying to 'imobiliaria-quero-moradi-e5386'...
[info] 
[info] i  deploying hosting 
[debug] [2024-03-17T17:44:35.252Z] >>> [apiv2][query] POST https://firebasehosting.googleapis.com/v1beta1/projects/-/sites/imobiliaria-quero-moradi-e5386/versions [none]
[debug] [2024-03-17T17:44:35.252Z] >>> [apiv2][body] POST https://firebasehosting.googleapis.com/v1beta1/projects/-/sites/imobiliaria-quero-moradi-e5386/versions {"status":"CREATED","labels":{"deployment-tool":"cli-firebase"}}
[debug] [2024-03-17T17:44:37.981Z] <<< [apiv2][status] POST https://firebasehosting.googleapis.com/v1beta1/projects/-/sites/imobiliaria-quero-moradi-e5386/versions 200
[debug] [2024-03-17T17:44:37.982Z] <<< [apiv2][body] POST https://firebasehosting.googleapis.com/v1beta1/projects/-/sites/imobiliaria-quero-moradi-e5386/versions {"name":"projects/881299861180/sites/imobiliaria-quero-moradi-e5386/versions/c47f08cce06e1f00","status":"CREATED","config":{},"labels":{"deployment-tool":"cli-firebase"}}
[info] i  hosting[imobiliaria-quero-moradi-e5386]: beginning deploy... 
[debug] [2024-03-17T17:44:38.118Z] Error: EPERM: operation not permitted, scandir 'C:\imobiliariasite\public\firebase-debug.log'
    at Object.readdirSync (node:fs:1515:26)
    at GlobSync._readdir (C:\Users\sprak\AppData\Roaming\npm\node_modules\firebase-tools\node_modules\glob\sync.js:288:46)
    at GlobSync._readdirInGlobStar (C:\Users\sprak\AppData\Roaming\npm\node_modules\firebase-tools\node_modules\glob\sync.js:245:17)
    at GlobSync._readdir (C:\Users\sprak\AppData\Roaming\npm\node_modules\firebase-tools\node_modules\glob\sync.js:276:17)
    at GlobSync._processReaddir (C:\Users\sprak\AppData\Roaming\npm\node_modules\firebase-tools\node_modules\glob\sync.js:137:22)
    at GlobSync._process (C:\Users\sprak\AppData\Roaming\npm\node_modules\firebase-tools\node_modules\glob\sync.js:132:10)
    at GlobSync._processGlobStar (C:\Users\sprak\AppData\Roaming\npm\node_modules\firebase-tools\node_modules\glob\sync.js:380:10)
    at GlobSync._process (C:\Users\sprak\AppData\Roaming\npm\node_modules\firebase-tools\node_modules\glob\sync.js:130:10)
    at new GlobSync (C:\Users\sprak\AppData\Roaming\npm\node_modules\firebase-tools\node_modules\glob\sync.js:45:10)
    at globSync (C:\Users\sprak\AppData\Roaming\npm\node_modules\firebase-tools\node_modules\glob\sync.js:23:10)
[error] 
[error] Error: An unexpected error has occurred.
[debug] [2024-03-18T00:18:19.939Z] ----------------------------------------------------------------------
[debug] [2024-03-18T00:18:19.941Z] Command:       C:\Program Files\nodejs\node.exe C:\Users\sprak\AppData\Roaming\npm\node_modules\firebase-tools\lib\bin\firebase.js deploy
[debug] [2024-03-18T00:18:19.942Z] CLI Version:   13.5.0
[debug] [2024-03-18T00:18:19.942Z] Platform:      win32
[debug] [2024-03-18T00:18:19.942Z] Node Version:  v20.11.1
[debug] [2024-03-18T00:18:19.942Z] Time:          Sun Mar 17 2024 21:18:19 GMT-0300 (Horário Padrão de Brasília)
[debug] [2024-03-18T00:18:19.942Z] ----------------------------------------------------------------------
[debug] 
[debug] [2024-03-18T00:18:20.043Z] > command requires scopes: ["email","openid","https://www.googleapis.com/auth/cloudplatformprojects.readonly","https://www.googleapis.com/auth/firebase","https://www.googleapis.com/auth/cloud-platform"]
[debug] [2024-03-18T00:18:20.044Z] > authorizing via signed-in user (contatoeslly@gmail.com)
[debug] [2024-03-18T00:18:20.044Z] [iam] checking project imobiliaria-quero-moradi-e5386 for permissions ["firebase.projects.get","firebasehosting.sites.update"]
[debug] [2024-03-18T00:18:20.045Z] > refreshing access token with scopes: []
[debug] [2024-03-18T00:18:20.047Z] >>> [apiv2][query] POST https://www.googleapis.com/oauth2/v3/token [none]
[debug] [2024-03-18T00:18:20.047Z] >>> [apiv2][body] POST https://www.googleapis.com/oauth2/v3/token [omitted]
[debug] [2024-03-18T00:18:20.876Z] <<< [apiv2][status] POST https://www.googleapis.com/oauth2/v3/token 200
[debug] [2024-03-18T00:18:20.876Z] <<< [apiv2][body] POST https://www.googleapis.com/oauth2/v3/token [omitted]
[debug] [2024-03-18T00:18:22.261Z] >>> [apiv2][query] POST https://cloudresourcemanager.googleapis.com/v1/projects/imobiliaria-quero-moradi-e5386:testIamPermissions [none]
[debug] [2024-03-18T00:18:22.261Z] >>> [apiv2][(partial)header] POST https://cloudresourcemanager.googleapis.com/v1/projects/imobiliaria-quero-moradi-e5386:testIamPermissions x-goog-quota-user=projects/imobiliaria-quero-moradi-e5386
[debug] [2024-03-18T00:18:22.261Z] >>> [apiv2][body] POST https://cloudresourcemanager.googleapis.com/v1/projects/imobiliaria-quero-moradi-e5386:testIamPermissions {"permissions":["firebase.projects.get","firebasehosting.sites.update"]}
[debug] [2024-03-18T00:18:24.029Z] <<< [apiv2][status] POST https://cloudresourcemanager.googleapis.com/v1/projects/imobiliaria-quero-moradi-e5386:testIamPermissions 200
[debug] [2024-03-18T00:18:24.030Z] <<< [apiv2][body] POST https://cloudresourcemanager.googleapis.com/v1/projects/imobiliaria-quero-moradi-e5386:testIamPermissions {"permissions":["firebase.projects.get","firebasehosting.sites.update"]}
[debug] [2024-03-18T00:18:24.032Z] >>> [apiv2][query] GET https://firebase.googleapis.com/v1beta1/projects/imobiliaria-quero-moradi-e5386 [none]
[debug] [2024-03-18T00:18:25.363Z] <<< [apiv2][status] GET https://firebase.googleapis.com/v1beta1/projects/imobiliaria-quero-moradi-e5386 200
[debug] [2024-03-18T00:18:25.364Z] <<< [apiv2][body] GET https://firebase.googleapis.com/v1beta1/projects/imobiliaria-quero-moradi-e5386 {"projectId":"imobiliaria-quero-moradi-e5386","projectNumber":"881299861180","displayName":"Imobiliaria Quero Moradia","name":"projects/imobiliaria-quero-moradi-e5386","resources":{"hostingSite":"imobiliaria-quero-moradi-e5386"},"state":"ACTIVE","etag":"1_bf4e7192-be08-4244-bb85-5782fc22cc22"}
[info] 
[info] === Deploying to 'imobiliaria-quero-moradi-e5386'...
[info] 
[info] i  deploying hosting 
[debug] [2024-03-18T00:18:25.379Z] >>> [apiv2][query] POST https://firebasehosting.googleapis.com/v1beta1/projects/-/sites/imobiliaria-quero-moradi-e5386/versions [none]
[debug] [2024-03-18T00:18:25.379Z] >>> [apiv2][body] POST https://firebasehosting.googleapis.com/v1beta1/projects/-/sites/imobiliaria-quero-moradi-e5386/versions {"status":"CREATED","labels":{"deployment-tool":"cli-firebase"}}
[debug] [2024-03-18T00:18:27.576Z] <<< [apiv2][status] POST https://firebasehosting.googleapis.com/v1beta1/projects/-/sites/imobiliaria-quero-moradi-e5386/versions 200
[debug] [2024-03-18T00:18:27.577Z] <<< [apiv2][body] POST https://firebasehosting.googleapis.com/v1beta1/projects/-/sites/imobiliaria-quero-moradi-e5386/versions {"name":"projects/881299861180/sites/imobiliaria-quero-moradi-e5386/versions/79ca16e95aa42e3c","status":"CREATED","config":{},"labels":{"deployment-tool":"cli-firebase"}}
[info] i  hosting[imobiliaria-quero-moradi-e5386]: beginning deploy... 
[debug] [2024-03-18T00:18:27.747Z] Error: EPERM: operation not permitted, scandir 'C:\imobiliariasite\public\firebase-debug.log'
    at Object.readdirSync (node:fs:1515:26)
    at GlobSync._readdir (C:\Users\sprak\AppData\Roaming\npm\node_modules\firebase-tools\node_modules\glob\sync.js:288:46)
    at GlobSync._readdirInGlobStar (C:\Users\sprak\AppData\Roaming\npm\node_modules\firebase-tools\node_modules\glob\sync.js:245:17)
    at GlobSync._readdir (C:\Users\sprak\AppData\Roaming\npm\node_modules\firebase-tools\node_modules\glob\sync.js:276:17)
    at GlobSync._processReaddir (C:\Users\sprak\AppData\Roaming\npm\node_modules\firebase-tools\node_modules\glob\sync.js:137:22)
    at GlobSync._process (C:\Users\sprak\AppData\Roaming\npm\node_modules\firebase-tools\node_modules\glob\sync.js:132:10)
    at GlobSync._processGlobStar (C:\Users\sprak\AppData\Roaming\npm\node_modules\firebase-tools\node_modules\glob\sync.js:380:10)
    at GlobSync._process (C:\Users\sprak\AppData\Roaming\npm\node_modules\firebase-tools\node_modules\glob\sync.js:130:10)
    at new GlobSync (C:\Users\sprak\AppData\Roaming\npm\node_modules\firebase-tools\node_modules\glob\sync.js:45:10)
    at globSync (C:\Users\sprak\AppData\Roaming\npm\node_modules\firebase-tools\node_modules\glob\sync.js:23:10)
[error] 
[error] Error: An unexpected error has occurred.
